<?xml version="1.0" encoding="UTF-8"?>
<testng-results ignored="0" total="2" passed="2" failed="0" skipped="0">
  <reporter-output>
  </reporter-output>
  <suite started-at="2021-03-15T18:24:57 EDT" name="Default suite" finished-at="2021-03-15T18:24:57 EDT" duration-ms="87">
    <groups>
    </groups>
    <test started-at="2021-03-15T18:24:57 EDT" name="Default test" finished-at="2021-03-15T18:24:57 EDT" duration-ms="87">
      <class name="albertsonall.Home">
        <test-method signature="click2(java.lang.String, java.lang.String)[pri:0, instance:albertsonall.Home@5cee5251]" started-at="2021-03-15T18:24:57 EDT" name="click2" data-provider="data" finished-at="2021-03-15T18:24:57 EDT" duration-ms="8" status="PASS">
          <params>
            <param index="0">
              <value>
                <![CDATA[asma]]>
              </value>
            </param>
            <param index="1">
              <value>
                <![CDATA[12]]>
              </value>
            </param>
          </params>
          <reporter-output>
          </reporter-output>
        </test-method> <!-- click2 -->
        <test-method signature="click2(java.lang.String, java.lang.String)[pri:0, instance:albertsonall.Home@5cee5251]" started-at="2021-03-15T18:24:57 EDT" name="click2" data-provider="data" finished-at="2021-03-15T18:24:57 EDT" duration-ms="3" status="PASS">
          <params>
            <param index="0">
              <value>
                <![CDATA[suha]]>
              </value>
            </param>
            <param index="1">
              <value>
                <![CDATA[123]]>
              </value>
            </param>
          </params>
          <reporter-output>
          </reporter-output>
        </test-method> <!-- click2 -->
      </class> <!-- albertsonall.Home -->
    </test> <!-- Default test -->
  </suite> <!-- Default suite -->
</testng-results>
